Base path: '/Applications/Unity/Hub/Editor/2019.3.0b4/Unity.app/Contents', plugins path '/Applications/Unity/Hub/Editor/2019.3.0b4/PlaybackEngines'
Cmd: initializeCompiler
Cmd: compileComputeKernel
  api=14 insize=18299 outsize=9370 ok=1
Cmd: compileComputeKernel
  api=14 insize=18299 outsize=9901 ok=1
Cmd: compileComputeKernel
  api=14 insize=18299 outsize=11447 ok=1
Cmd: compileComputeKernel
  api=4 insize=18299 outsize=8873 ok=1
Cmd: compileComputeKernel
  api=4 insize=18299 outsize=10507 ok=1
Cmd: compileComputeKernel
  api=4 insize=1176 outsize=772 ok=1
Cmd: translateComputeKernel
  api=14 insize=1448 outsize=1548 ok=1
Cmd: compileComputeKernel
  api=14 insize=1454 outsize=2071 ok=1
Cmd: compileComputeKernel
  api=4 insize=4855 outsize=3708 ok=1
Cmd: compileComputeKernel
  api=14 insize=4855 outsize=5116 ok=1
Cmd: compileComputeKernel
  api=14 insize=4855 outsize=7304 ok=1
Cmd: translateComputeKernel
  api=14 insize=5372 outsize=7534 ok=1
Cmd: compileComputeKernel
  api=4 insize=1806 outsize=561 ok=1
Cmd: compileComputeKernel
  api=4 insize=3070 outsize=48128 ok=1
Cmd: translateComputeKernel
  api=14 insize=48467 outsize=85339 ok=1
Cmd: compileComputeKernel
  api=4 insize=10881 outsize=10585 ok=1
Cmd: compileComputeKernel
  api=14 insize=10881 outsize=10700 ok=1
Cmd: compileComputeKernel
  api=14 insize=10881 outsize=11445 ok=1
Cmd: translateComputeKernel
  api=14 insize=10700 outsize=18699 ok=1
Cmd: compileComputeKernel
  api=14 insize=2044 outsize=1477 ok=1
Cmd: translateComputeKernel
  api=14 insize=1472 outsize=2240 ok=1
Cmd: compileComputeKernel
  api=14 insize=2059 outsize=2127 ok=1
Cmd: translateComputeKernel
  api=14 insize=2127 outsize=3870 ok=1
Cmd: compileComputeKernel
  api=14 insize=3396 outsize=3386 ok=1
Cmd: translateComputeKernel
  api=14 insize=3205 outsize=5289 ok=1
Cmd: compileComputeKernel
  api=14 insize=3072 outsize=815 ok=1
Cmd: compileComputeKernel
  api=14 insize=5435 outsize=6993 ok=1
Cmd: translateComputeKernel
  api=14 insize=6993 outsize=13506 ok=1
Cmd: compileSnippet
  api=14 type=0 insize=3394 outsize=3195 kw=USE_ADDITIVE_BLENDING pd=UNITY_ENABLE_REFLECTION_BUFFERS UNITY_USE_DITHER_MASK_FOR_ALPHABLENDED_SHADOWS UNITY_PBS_USE_BRDF1 UNITY_SPECCUBE_BOX_PROJECTION UNITY_SPECCUBE_BLENDING UNITY_ENABLE_DETAIL_NORMALMAP SHADER_API_DESKTOP UNITY_COLORSPACE_GAMMA UNITY_LIGHT_PROBE_PROXY_VOLUME UNITY_LIGHTMAP_FULL_HDR ok=1
Cmd: compileSnippet
  api=14 type=1 insize=3394 outsize=945 kw= pd=UNITY_ENABLE_REFLECTION_BUFFERS UNITY_USE_DITHER_MASK_FOR_ALPHABLENDED_SHADOWS UNITY_PBS_USE_BRDF1 UNITY_SPECCUBE_BOX_PROJECTION UNITY_SPECCUBE_BLENDING UNITY_ENABLE_DETAIL_NORMALMAP SHADER_API_DESKTOP UNITY_COLORSPACE_GAMMA UNITY_LIGHT_PROBE_PROXY_VOLUME UNITY_LIGHTMAP_FULL_HDR ok=1
