Base path: '/Applications/Unity/Hub/Editor/2019.3.0b4/Unity.app/Contents', plugins path '/Applications/Unity/Hub/Editor/2019.3.0b4/PlaybackEngines'
Cmd: initializeCompiler
Cmd: compileComputeKernel
  api=4 insize=18299 outsize=8518 ok=1
Cmd: compileComputeKernel
  api=14 insize=18299 outsize=9375 ok=1
Cmd: compileComputeKernel
  api=14 insize=18299 outsize=11742 ok=1
Cmd: compileComputeKernel
  api=4 insize=18299 outsize=8523 ok=1
Cmd: compileComputeKernel
  api=4 insize=18299 outsize=10714 ok=1
Cmd: compileComputeKernel
  api=14 insize=1176 outsize=1412 ok=1
Cmd: compileComputeKernel
  api=4 insize=1454 outsize=603 ok=1
Cmd: compileComputeKernel
  api=14 insize=1454 outsize=1199 ok=1
Cmd: translateComputeKernel
  api=14 insize=2071 outsize=3252 ok=1
Cmd: compileComputeKernel
  api=4 insize=4855 outsize=5412 ok=1
Cmd: compileComputeKernel
  api=14 insize=4855 outsize=5525 ok=1
Cmd: translateComputeKernel
  api=14 insize=5781 outsize=8380 ok=1
Cmd: compileComputeKernel
  api=14 insize=1806 outsize=1997 ok=1
Cmd: translateComputeKernel
  api=14 insize=1997 outsize=3520 ok=1
Cmd: compileComputeKernel
  api=14 insize=3070 outsize=48832 ok=1
Cmd: compileComputeKernel
  api=4 insize=10881 outsize=9840 ok=1
Cmd: compileComputeKernel
  api=14 insize=10881 outsize=10544 ok=1
Cmd: translateComputeKernel
  api=14 insize=10544 outsize=18402 ok=1
Cmd: compileComputeKernel
  api=4 insize=2044 outsize=1005 ok=1
Cmd: compileComputeKernel
  api=4 insize=2059 outsize=372 ok=1
Cmd: compileComputeKernel
  api=14 insize=3396 outsize=3205 ok=1
Cmd: compileComputeKernel
  api=14 insize=3072 outsize=2124 ok=1
Cmd: translateComputeKernel
  api=14 insize=2124 outsize=3456 ok=1
Cmd: compileSnippet
  api=14 type=1 insize=3394 outsize=920 kw=USE_ADDITIVE_BLENDING pd=UNITY_ENABLE_REFLECTION_BUFFERS UNITY_USE_DITHER_MASK_FOR_ALPHABLENDED_SHADOWS UNITY_PBS_USE_BRDF1 UNITY_SPECCUBE_BOX_PROJECTION UNITY_SPECCUBE_BLENDING UNITY_ENABLE_DETAIL_NORMALMAP SHADER_API_DESKTOP UNITY_COLORSPACE_GAMMA UNITY_LIGHT_PROBE_PROXY_VOLUME UNITY_LIGHTMAP_FULL_HDR ok=1
Cmd: compileSnippet
  api=14 type=1 insize=2699 outsize=962 kw= pd=UNITY_ENABLE_REFLECTION_BUFFERS UNITY_USE_DITHER_MASK_FOR_ALPHABLENDED_SHADOWS UNITY_PBS_USE_BRDF1 UNITY_SPECCUBE_BOX_PROJECTION UNITY_SPECCUBE_BLENDING UNITY_ENABLE_DETAIL_NORMALMAP SHADER_API_DESKTOP UNITY_COLORSPACE_GAMMA UNITY_LIGHT_PROBE_PROXY_VOLUME UNITY_LIGHTMAP_FULL_HDR ok=1
Cmd: compileSnippet
  api=14 type=0 insize=3394 outsize=3195 kw= pd=UNITY_ENABLE_REFLECTION_BUFFERS UNITY_USE_DITHER_MASK_FOR_ALPHABLENDED_SHADOWS UNITY_PBS_USE_BRDF1 UNITY_SPECCUBE_BOX_PROJECTION UNITY_SPECCUBE_BLENDING UNITY_ENABLE_DETAIL_NORMALMAP SHADER_API_DESKTOP UNITY_COLORSPACE_GAMMA UNITY_LIGHT_PROBE_PROXY_VOLUME UNITY_LIGHTMAP_FULL_HDR ok=1
Cmd: compileSnippet
  api=14 type=0 insize=2295 outsize=1778 kw= pd=UNITY_ENABLE_REFLECTION_BUFFERS UNITY_USE_DITHER_MASK_FOR_ALPHABLENDED_SHADOWS UNITY_PBS_USE_BRDF1 UNITY_SPECCUBE_BOX_PROJECTION UNITY_SPECCUBE_BLENDING UNITY_ENABLE_DETAIL_NORMALMAP SHADER_API_DESKTOP UNITY_COLORSPACE_GAMMA UNITY_LIGHT_PROBE_PROXY_VOLUME UNITY_LIGHTMAP_FULL_HDR ok=1
